<?xml version="1.0" encoding="UTF-8"?>
<robot generator="Robot 7.4.2 (Python 3.14.2 on win32)" generated="2026-04-07T14:44:04.426416" rpa="false" schemaversion="5">
<suite id="s1" name="Task5" source="C:\Users\Hanad\OneDrive\Työpöytä\Hyte-FE\hytefe2\test\front\task5.robot">
<test id="s1-t1" name="Login with env" line="7">
<kw name="New Browser" owner="Browser">
<msg time="2026-04-07T14:44:04.784637" level="INFO">{"browser": "chromium", "headless": false, "chromiumSandbox": false, "devtools": false, "handleSIGHUP": true, "handleSIGINT": true, "handleSIGTERM": true, "slowMo": 0.0, "timeout": 30000.0, "tracesDir": "C:\\Users\\Hanad\\OneDrive\\Ty\u00f6p\u00f6yt\u00e4\\Hyte-FE\\hytefe2\\outputs\\browser\\traces\\temp\\349b19c2-7ab1-41e3-9f00-fed1bdadd367"}</msg>
<msg time="2026-04-07T14:44:04.819505" level="INFO">Starting Browser process C:\Users\Hanad\OneDrive\Työpöytä\Hyte-FE\hytefe2\.venv\Lib\site-packages\Browser\wrapper\index.js using at 127.0.0.1:52478</msg>
<msg time="2026-04-07T14:44:06.209219" level="INFO">Successfully created browser with options: {"browser":"chromium","headless":false,"chromiumSandbox":false,"devtools":false,"handleSIGHUP":true,"handleSIGINT":true,"handleSIGTERM":true,"slowMo":0,"timeout":30000,"tracesDir":"C:\\Users\\Hanad\\OneDrive\\Työpöytä\\Hyte-FE\\hytefe2\\outputs\\browser\\traces\\temp\\349b19c2-7ab1-41e3-9f00-fed1bdadd367"}</msg>
<arg>chromium</arg>
<arg>headless=No</arg>
<tag>BrowserControl</tag>
<tag>Setter</tag>
<doc>Create a new playwright Browser with specified options.</doc>
<status status="PASS" start="2026-04-07T14:44:04.783083" elapsed="1.426469"/>
</kw>
<kw name="New Page" owner="Browser">
<msg time="2026-04-07T14:44:06.671972" level="INFO">Successfully initialized new page object and opened url: http://localhost:5173/login.html</msg>
<msg time="2026-04-07T14:44:06.672126" level="INFO">No context was open. New context was automatically opened when this page is created.</msg>
<arg>http://localhost:5173/login.html</arg>
<tag>BrowserControl</tag>
<tag>Setter</tag>
<doc>Open a new Page.</doc>
<status status="PASS" start="2026-04-07T14:44:06.230868" elapsed="0.441552"/>
</kw>
<kw name="Get Title" owner="Browser">
<msg time="2026-04-07T14:44:06.686242" level="INFO">Title: 'Dear Diary - Login'</msg>
<arg>==</arg>
<arg>Dear Diary - Login</arg>
<tag>Assertion</tag>
<tag>Getter</tag>
<tag>PageContent</tag>
<doc>Returns the title of the current page.</doc>
<status status="PASS" start="2026-04-07T14:44:06.673014" elapsed="0.013368"/>
</kw>
<kw name="Type Text" owner="Browser">
<msg time="2026-04-07T14:44:06.687453" level="INFO">Types the text 'Hanad' in the given field.</msg>
<arg>id=login-username</arg>
<arg>${Username}</arg>
<arg>delay=0.1 s</arg>
<tag>PageContent</tag>
<tag>Setter</tag>
<doc>Types the given ``txt`` into the text field found by ``selector``.</doc>
<status status="PASS" start="2026-04-07T14:44:06.686712" elapsed="0.879776"/>
</kw>
<kw name="Type Secret" owner="Browser">
<arg>id=login-password</arg>
<arg>$Password</arg>
<arg>delay=0.1 s</arg>
<tag>PageContent</tag>
<tag>Setter</tag>
<doc>Types the given secret from ``variable_name`` into the text field
found by ``selector``.</doc>
<status status="PASS" start="2026-04-07T14:44:07.567012" elapsed="0.928617"/>
</kw>
<kw name="Click" owner="Browser">
<msg time="2026-04-07T14:44:08.496992" level="INFO">Clicks the element 'css=input[value="Login"]'.</msg>
<arg>css=input[value="Login"]</arg>
<tag>PageContent</tag>
<tag>Setter</tag>
<doc>Simulates mouse click on the element found by ``selector``.</doc>
<status status="PASS" start="2026-04-07T14:44:08.496100" elapsed="0.051440"/>
</kw>
<kw name="Sleep" owner="BuiltIn">
<msg time="2026-04-07T14:44:09.549142" level="INFO">Slept 1 second.</msg>
<arg>1s</arg>
<doc>Pauses the test executed for the given time.</doc>
<status status="PASS" start="2026-04-07T14:44:08.548165" elapsed="1.001176"/>
</kw>
<kw name="Go To" owner="Browser">
<msg time="2026-04-07T14:44:09.661353" level="INFO">Successfully opened URL http://localhost:5173/diary.html</msg>
<arg>http://localhost:5173/diary.html</arg>
<tag>BrowserControl</tag>
<tag>Setter</tag>
<doc>Navigates to the given ``url``.</doc>
<status status="PASS" start="2026-04-07T14:44:09.549876" elapsed="0.111846"/>
</kw>
<status status="PASS" start="2026-04-07T14:44:04.781380" elapsed="4.880907"/>
</test>
<status status="PASS" start="2026-04-07T14:44:04.428415" elapsed="5.243385"/>
</suite>
<statistics>
<total>
<stat pass="1" fail="0" skip="0">All Tests</stat>
</total>
<tag>
</tag>
<suite>
<stat name="Task5" id="s1" pass="1" fail="0" skip="0">Task5</stat>
</suite>
</statistics>
<errors>
</errors>
</robot>
