<?xml version="1.0" encoding="UTF-8"?>
<robot generator="Robot 7.4.2 (Python 3.14.2 on win32)" generated="2026-04-18T13:11:52.329634" rpa="false" schemaversion="5">
<suite id="s1" name="Task9" source="C:\Users\Hanad\OneDrive\Työpöytä\Hyte-FE\hytefe2\test\back\task9.robot">
<test id="s1-t1" name="Tehtävä 9 - Login test route works" line="11">
<kw name="Create Session" owner="RequestsLibrary">
<msg time="2026-04-18T13:11:52.683182" level="INFO">Creating Session using : alias=backend, url=http://127.0.0.1:3000, headers={},                     cookies={}, auth=None, timeout=None, proxies=None, verify=False,                     debug=0 </msg>
<arg>backend</arg>
<arg>${BASE_URL}</arg>
<doc>Create Session: create a HTTP session to a server</doc>
<status status="PASS" start="2026-04-18T13:11:52.682814" elapsed="0.000857"/>
</kw>
<kw name="GET On Session" owner="RequestsLibrary">
<msg time="2026-04-18T13:11:52.694122" level="INFO">GET Request : url=http://127.0.0.1:3000/api/users/login-test 
 path_url=/api/users/login-test 
 headers={'User-Agent': 'python-requests/2.32.5', 'Accept-Encoding': 'gzip, deflate, zstd', 'Accept': '*/*', 'Connection': 'keep-alive'} 
 body=None 
 </msg>
<msg time="2026-04-18T13:11:52.694259" level="INFO">GET Response : url=http://127.0.0.1:3000/api/users/login-test 
 status=200, reason=OK 
 headers={'X-Powered-By': 'Express', 'Access-Control-Allow-Origin': '*', 'Content-Type': 'application/json; charset=utf-8', 'Content-Length': '43', 'ETag': 'W/"2b-SiJJI/OroRUbWjMgr95UMoEaeC8"', 'Date': 'Sat, 18 Apr 2026 10:11:52 GMT', 'Connection': 'keep-alive', 'Keep-Alive': 'timeout=5'} 
 body={"message":"userRouter login route exists"} 
 </msg>
<msg time="2026-04-18T13:11:52.694442" level="INFO">${response} = &lt;Response [200]&gt;</msg>
<var>${response}</var>
<arg>backend</arg>
<arg>/api/users/login-test</arg>
<doc>Sends a GET request on a previously created HTTP Session.</doc>
<status status="PASS" start="2026-04-18T13:11:52.684075" elapsed="0.010399"/>
</kw>
<kw name="Status Should Be" owner="RequestsLibrary">
<arg>200</arg>
<arg>${response}</arg>
<doc>Fails if response status code is different than the expected.</doc>
<status status="PASS" start="2026-04-18T13:11:52.694850" elapsed="0.000273"/>
</kw>
<kw name="Should Be Equal As Strings" owner="BuiltIn">
<arg>${response.json()}[message]</arg>
<arg>userRouter login route exists</arg>
<doc>Fails if objects are unequal after converting them to strings.</doc>
<status status="PASS" start="2026-04-18T13:11:52.695406" elapsed="0.000696"/>
</kw>
<status status="PASS" start="2026-04-18T13:11:52.681448" elapsed="0.014999"/>
</test>
<test id="s1-t2" name="Tehtävä 9 - Login returns token" line="17">
<kw name="Create Session" owner="RequestsLibrary">
<msg time="2026-04-18T13:11:52.698663" level="INFO">Creating Session using : alias=backend, url=http://127.0.0.1:3000, headers={},                     cookies={}, auth=None, timeout=None, proxies=None, verify=False,                     debug=0 </msg>
<arg>backend</arg>
<arg>${BASE_URL}</arg>
<doc>Create Session: create a HTTP session to a server</doc>
<status status="PASS" start="2026-04-18T13:11:52.698302" elapsed="0.000678"/>
</kw>
<kw name="Create Dictionary" owner="BuiltIn">
<msg time="2026-04-18T13:11:52.699971" level="INFO">${body} = {'username': 'hanadm', 'password': 'hanad123'}</msg>
<var>${body}</var>
<arg>username=${USERNAME}</arg>
<arg>password=${PASSWORD}</arg>
<doc>Creates and returns a dictionary based on the given ``items``.</doc>
<status status="PASS" start="2026-04-18T13:11:52.699320" elapsed="0.000691"/>
</kw>
<kw name="POST On Session" owner="RequestsLibrary">
<msg time="2026-04-18T13:11:52.808422" level="INFO">POST Request : url=http://127.0.0.1:3000/api/users/login 
 path_url=/api/users/login 
 headers={'User-Agent': 'python-requests/2.32.5', 'Accept-Encoding': 'gzip, deflate, zstd', 'Accept': '*/*', 'Connection': 'keep-alive', 'Content-Length': '46', 'Content-Type': 'application/json'} 
 body=b'{"username": "hanadm", "password": "hanad123"}' 
 </msg>
<msg time="2026-04-18T13:11:52.808507" level="INFO">POST Response : url=http://127.0.0.1:3000/api/users/login 
 status=200, reason=OK 
 headers={'X-Powered-By': 'Express', 'Access-Control-Allow-Origin': '*', 'Content-Type': 'application/json; charset=utf-8', 'Content-Length': '466', 'ETag': 'W/"1d2-5RbBc+RI39bRbex9BWH1e55/AiE"', 'Date': 'Sat, 18 Apr 2026 10:11:52 GMT', 'Connection': 'keep-alive', 'Keep-Alive': 'timeout=5'} 
 body={"message":"login ok","user":{"user_id":18,"username":"hanadm","email":"hanadm@metropolia.fi","created_at":"2026-03-24T09:14:27.000Z","user_level":"regular"},"token":"eyJhbGciOiJIUzI1NiIsInR5cCI6IkpXVCJ9.eyJ1c2VyX2lkIjoxOCwidXNlcm5hbWUiOiJoYW5hZG0iLCJlbWFpbCI6ImhhbmFkbUBtZXRyb3BvbGlhLmZpIiwiY3JlYXRlZF9hdCI6IjIwMjYtMDMtMjRUMDk6MTQ6MjcuMDAwWiIsInVzZXJfbGV2ZWwiOiJyZWd1bGFyIiwiaWF0IjoxNzc2NTA3MTEyLCJleHAiOjE3NzY1OTM1MTJ9.Aqrc25vRuJoCO_xOvUynZqIUF_8V1SGijjozyRWBagI"} 
 </msg>
<msg time="2026-04-18T13:11:52.808659" level="INFO">${response} = &lt;Response [200]&gt;</msg>
<var>${response}</var>
<arg>backend</arg>
<arg>/api/users/login</arg>
<arg>json=${body}</arg>
<doc>Sends a POST request on a previously created HTTP Session.</doc>
<status status="PASS" start="2026-04-18T13:11:52.700290" elapsed="0.108433"/>
</kw>
<kw name="Status Should Be" owner="RequestsLibrary">
<arg>200</arg>
<arg>${response}</arg>
<doc>Fails if response status code is different than the expected.</doc>
<status status="PASS" start="2026-04-18T13:11:52.809323" elapsed="0.000368"/>
</kw>
<kw name="Set Variable" owner="BuiltIn">
<msg time="2026-04-18T13:11:52.810937" level="INFO">${response_json} = {'message': 'login ok', 'user': {'user_id': 18, 'username': 'hanadm', 'email': 'hanadm@metropolia.fi', 'created_at': '2026-03-24T09:14:27.000Z', 'user_level': 'regular'}, 'token': 'eyJhbGciOiJIUzI1NiI...</msg>
<var>${response_json}</var>
<arg>${response.json()}</arg>
<doc>Returns the given values which can then be assigned to a variables.</doc>
<status status="PASS" start="2026-04-18T13:11:52.810003" elapsed="0.000997"/>
</kw>
<kw name="Dictionary Should Contain Key" owner="Collections">
<arg>${response_json}</arg>
<arg>token</arg>
<doc>Fails if ``key`` is not found from ``dictionary``.</doc>
<status status="PASS" start="2026-04-18T13:11:52.811407" elapsed="0.000252"/>
</kw>
<status status="PASS" start="2026-04-18T13:11:52.697594" elapsed="0.114446"/>
</test>
<test id="s1-t3" name="Tehtävä 9 - Get my user info with token" line="26">
<kw name="Create Session" owner="RequestsLibrary">
<msg time="2026-04-18T13:11:52.813886" level="INFO">Creating Session using : alias=backend, url=http://127.0.0.1:3000, headers={},                     cookies={}, auth=None, timeout=None, proxies=None, verify=False,                     debug=0 </msg>
<arg>backend</arg>
<arg>${BASE_URL}</arg>
<doc>Create Session: create a HTTP session to a server</doc>
<status status="PASS" start="2026-04-18T13:11:52.813704" elapsed="0.000387"/>
</kw>
<kw name="Create Dictionary" owner="BuiltIn">
<msg time="2026-04-18T13:11:52.815019" level="INFO">${body} = {'username': 'hanadm', 'password': 'hanad123'}</msg>
<var>${body}</var>
<arg>username=${USERNAME}</arg>
<arg>password=${PASSWORD}</arg>
<doc>Creates and returns a dictionary based on the given ``items``.</doc>
<status status="PASS" start="2026-04-18T13:11:52.814563" elapsed="0.000484"/>
</kw>
<kw name="POST On Session" owner="RequestsLibrary">
<msg time="2026-04-18T13:11:52.915256" level="INFO">POST Request : url=http://127.0.0.1:3000/api/users/login 
 path_url=/api/users/login 
 headers={'User-Agent': 'python-requests/2.32.5', 'Accept-Encoding': 'gzip, deflate, zstd', 'Accept': '*/*', 'Connection': 'keep-alive', 'Content-Length': '46', 'Content-Type': 'application/json'} 
 body=b'{"username": "hanadm", "password": "hanad123"}' 
 </msg>
<msg time="2026-04-18T13:11:52.915337" level="INFO">POST Response : url=http://127.0.0.1:3000/api/users/login 
 status=200, reason=OK 
 headers={'X-Powered-By': 'Express', 'Access-Control-Allow-Origin': '*', 'Content-Type': 'application/json; charset=utf-8', 'Content-Length': '466', 'ETag': 'W/"1d2-5RbBc+RI39bRbex9BWH1e55/AiE"', 'Date': 'Sat, 18 Apr 2026 10:11:52 GMT', 'Connection': 'keep-alive', 'Keep-Alive': 'timeout=5'} 
 body={"message":"login ok","user":{"user_id":18,"username":"hanadm","email":"hanadm@metropolia.fi","created_at":"2026-03-24T09:14:27.000Z","user_level":"regular"},"token":"eyJhbGciOiJIUzI1NiIsInR5cCI6IkpXVCJ9.eyJ1c2VyX2lkIjoxOCwidXNlcm5hbWUiOiJoYW5hZG0iLCJlbWFpbCI6ImhhbmFkbUBtZXRyb3BvbGlhLmZpIiwiY3JlYXRlZF9hdCI6IjIwMjYtMDMtMjRUMDk6MTQ6MjcuMDAwWiIsInVzZXJfbGV2ZWwiOiJyZWd1bGFyIiwiaWF0IjoxNzc2NTA3MTEyLCJleHAiOjE3NzY1OTM1MTJ9.Aqrc25vRuJoCO_xOvUynZqIUF_8V1SGijjozyRWBagI"} 
 </msg>
<msg time="2026-04-18T13:11:52.915482" level="INFO">${login_response} = &lt;Response [200]&gt;</msg>
<var>${login_response}</var>
<arg>backend</arg>
<arg>/api/users/login</arg>
<arg>json=${body}</arg>
<doc>Sends a POST request on a previously created HTTP Session.</doc>
<status status="PASS" start="2026-04-18T13:11:52.815503" elapsed="0.100003"/>
</kw>
<kw name="Status Should Be" owner="RequestsLibrary">
<arg>200</arg>
<arg>${login_response}</arg>
<doc>Fails if response status code is different than the expected.</doc>
<status status="PASS" start="2026-04-18T13:11:52.915995" elapsed="0.000253"/>
</kw>
<kw name="Set Variable" owner="BuiltIn">
<msg time="2026-04-18T13:11:52.917164" level="INFO">${token} = eyJhbGciOiJIUzI1NiIsInR5cCI6IkpXVCJ9.eyJ1c2VyX2lkIjoxOCwidXNlcm5hbWUiOiJoYW5hZG0iLCJlbWFpbCI6ImhhbmFkbUBtZXRyb3BvbGlhLmZpIiwiY3JlYXRlZF9hdCI6IjIwMjYtMDMtMjRUMDk6MTQ6MjcuMDAwWiIsInVzZXJfbGV2ZWwiOiJyZWd...</msg>
<var>${token}</var>
<arg>${login_response.json()}[token]</arg>
<doc>Returns the given values which can then be assigned to a variables.</doc>
<status status="PASS" start="2026-04-18T13:11:52.916623" elapsed="0.000611"/>
</kw>
<kw name="Create Dictionary" owner="BuiltIn">
<msg time="2026-04-18T13:11:52.918257" level="INFO">${headers} = {'Authorization': 'Bearer eyJhbGciOiJIUzI1NiIsInR5cCI6IkpXVCJ9.eyJ1c2VyX2lkIjoxOCwidXNlcm5hbWUiOiJoYW5hZG0iLCJlbWFpbCI6ImhhbmFkbUBtZXRyb3BvbGlhLmZpIiwiY3JlYXRlZF9hdCI6IjIwMjYtMDMtMjRUMDk6MTQ6MjcuMDAwW...</msg>
<var>${headers}</var>
<arg>Authorization=Bearer ${token}</arg>
<doc>Creates and returns a dictionary based on the given ``items``.</doc>
<status status="PASS" start="2026-04-18T13:11:52.917494" elapsed="0.000804"/>
</kw>
<kw name="GET On Session" owner="RequestsLibrary">
<msg time="2026-04-18T13:11:52.922027" level="INFO">GET Request : url=http://127.0.0.1:3000/api/users/me 
 path_url=/api/users/me 
 headers={'User-Agent': 'python-requests/2.32.5', 'Accept-Encoding': 'gzip, deflate, zstd', 'Accept': '*/*', 'Connection': 'keep-alive', 'Authorization': 'Bearer eyJhbGciOiJIUzI1NiIsInR5cCI6IkpXVCJ9.eyJ1c2VyX2lkIjoxOCwidXNlcm5hbWUiOiJoYW5hZG0iLCJlbWFpbCI6ImhhbmFkbUBtZXRyb3BvbGlhLmZpIiwiY3JlYXRlZF9hdCI6IjIwMjYtMDMtMjRUMDk6MTQ6MjcuMDAwWiIsInVzZXJfbGV2ZWwiOiJyZWd1bGFyIiwiaWF0IjoxNzc2NTA3MTEyLCJleHAiOjE3NzY1OTM1MTJ9.Aqrc25vRuJoCO_xOvUynZqIUF_8V1SGijjozyRWBagI'} 
 body=None 
 </msg>
<msg time="2026-04-18T13:11:52.922160" level="INFO">GET Response : url=http://127.0.0.1:3000/api/users/me 
 status=200, reason=OK 
 headers={'X-Powered-By': 'Express', 'Access-Control-Allow-Origin': '*', 'Content-Type': 'application/json; charset=utf-8', 'Content-Length': '162', 'ETag': 'W/"a2-X7tdOmOBVK756RN+t9QN0YZxmJo"', 'Date': 'Sat, 18 Apr 2026 10:11:52 GMT', 'Connection': 'keep-alive', 'Keep-Alive': 'timeout=5'} 
 body={"user_id":18,"username":"hanadm","email":"hanadm@metropolia.fi","created_at":"2026-03-24T09:14:27.000Z","user_level":"regular","iat":1776507112,"exp":1776593512} 
 </msg>
<msg time="2026-04-18T13:11:52.922303" level="INFO">${me_response} = &lt;Response [200]&gt;</msg>
<var>${me_response}</var>
<arg>backend</arg>
<arg>/api/users/me</arg>
<arg>headers=${headers}</arg>
<doc>Sends a GET request on a previously created HTTP Session.</doc>
<status status="PASS" start="2026-04-18T13:11:52.918621" elapsed="0.003708"/>
</kw>
<kw name="Status Should Be" owner="RequestsLibrary">
<arg>200</arg>
<arg>${me_response}</arg>
<doc>Fails if response status code is different than the expected.</doc>
<status status="PASS" start="2026-04-18T13:11:52.922804" elapsed="0.000200"/>
</kw>
<status status="PASS" start="2026-04-18T13:11:52.813038" elapsed="0.110283"/>
</test>
<test id="s1-t4" name="Tehtävä 9 - Get entries with token" line="38">
<kw name="Create Session" owner="RequestsLibrary">
<msg time="2026-04-18T13:11:52.924870" level="INFO">Creating Session using : alias=backend, url=http://127.0.0.1:3000, headers={},                     cookies={}, auth=None, timeout=None, proxies=None, verify=False,                     debug=0 </msg>
<arg>backend</arg>
<arg>${BASE_URL}</arg>
<doc>Create Session: create a HTTP session to a server</doc>
<status status="PASS" start="2026-04-18T13:11:52.924724" elapsed="0.000264"/>
</kw>
<kw name="Create Dictionary" owner="BuiltIn">
<msg time="2026-04-18T13:11:52.925726" level="INFO">${body} = {'username': 'hanadm', 'password': 'hanad123'}</msg>
<var>${body}</var>
<arg>username=${USERNAME}</arg>
<arg>password=${PASSWORD}</arg>
<doc>Creates and returns a dictionary based on the given ``items``.</doc>
<status status="PASS" start="2026-04-18T13:11:52.925370" elapsed="0.000379"/>
</kw>
<kw name="POST On Session" owner="RequestsLibrary">
<msg time="2026-04-18T13:11:53.018745" level="INFO">POST Request : url=http://127.0.0.1:3000/api/users/login 
 path_url=/api/users/login 
 headers={'User-Agent': 'python-requests/2.32.5', 'Accept-Encoding': 'gzip, deflate, zstd', 'Accept': '*/*', 'Connection': 'keep-alive', 'Content-Length': '46', 'Content-Type': 'application/json'} 
 body=b'{"username": "hanadm", "password": "hanad123"}' 
 </msg>
<msg time="2026-04-18T13:11:53.018838" level="INFO">POST Response : url=http://127.0.0.1:3000/api/users/login 
 status=200, reason=OK 
 headers={'X-Powered-By': 'Express', 'Access-Control-Allow-Origin': '*', 'Content-Type': 'application/json; charset=utf-8', 'Content-Length': '466', 'ETag': 'W/"1d2-sNzy52YPKFt28/4cbWZIHpBnrIo"', 'Date': 'Sat, 18 Apr 2026 10:11:52 GMT', 'Connection': 'keep-alive', 'Keep-Alive': 'timeout=5'} 
 body={"message":"login ok","user":{"user_id":18,"username":"hanadm","email":"hanadm@metropolia.fi","created_at":"2026-03-24T09:14:27.000Z","user_level":"regular"},"token":"eyJhbGciOiJIUzI1NiIsInR5cCI6IkpXVCJ9.eyJ1c2VyX2lkIjoxOCwidXNlcm5hbWUiOiJoYW5hZG0iLCJlbWFpbCI6ImhhbmFkbUBtZXRyb3BvbGlhLmZpIiwiY3JlYXRlZF9hdCI6IjIwMjYtMDMtMjRUMDk6MTQ6MjcuMDAwWiIsInVzZXJfbGV2ZWwiOiJyZWd1bGFyIiwiaWF0IjoxNzc2NTA3MTEzLCJleHAiOjE3NzY1OTM1MTN9.bmCw3Vd5QNpvbrybPaNUhXBaWqbrhNMfQTZAxg_PDb0"} 
 </msg>
<msg time="2026-04-18T13:11:53.019053" level="INFO">${login_response} = &lt;Response [200]&gt;</msg>
<var>${login_response}</var>
<arg>backend</arg>
<arg>/api/users/login</arg>
<arg>json=${body}</arg>
<doc>Sends a POST request on a previously created HTTP Session.</doc>
<status status="PASS" start="2026-04-18T13:11:52.926063" elapsed="0.093049"/>
</kw>
<kw name="Status Should Be" owner="RequestsLibrary">
<arg>200</arg>
<arg>${login_response}</arg>
<doc>Fails if response status code is different than the expected.</doc>
<status status="PASS" start="2026-04-18T13:11:53.019586" elapsed="0.000230"/>
</kw>
<kw name="Set Variable" owner="BuiltIn">
<msg time="2026-04-18T13:11:53.020918" level="INFO">${token} = eyJhbGciOiJIUzI1NiIsInR5cCI6IkpXVCJ9.eyJ1c2VyX2lkIjoxOCwidXNlcm5hbWUiOiJoYW5hZG0iLCJlbWFpbCI6ImhhbmFkbUBtZXRyb3BvbGlhLmZpIiwiY3JlYXRlZF9hdCI6IjIwMjYtMDMtMjRUMDk6MTQ6MjcuMDAwWiIsInVzZXJfbGV2ZWwiOiJyZWd...</msg>
<var>${token}</var>
<arg>${login_response.json()}[token]</arg>
<doc>Returns the given values which can then be assigned to a variables.</doc>
<status status="PASS" start="2026-04-18T13:11:53.020236" elapsed="0.000708"/>
</kw>
<kw name="Create Dictionary" owner="BuiltIn">
<msg time="2026-04-18T13:11:53.021641" level="INFO">${headers} = {'Authorization': 'Bearer eyJhbGciOiJIUzI1NiIsInR5cCI6IkpXVCJ9.eyJ1c2VyX2lkIjoxOCwidXNlcm5hbWUiOiJoYW5hZG0iLCJlbWFpbCI6ImhhbmFkbUBtZXRyb3BvbGlhLmZpIiwiY3JlYXRlZF9hdCI6IjIwMjYtMDMtMjRUMDk6MTQ6MjcuMDAwW...</msg>
<var>${headers}</var>
<arg>Authorization=Bearer ${token}</arg>
<doc>Creates and returns a dictionary based on the given ``items``.</doc>
<status status="PASS" start="2026-04-18T13:11:53.021324" elapsed="0.000341"/>
</kw>
<kw name="GET On Session" owner="RequestsLibrary">
<msg time="2026-04-18T13:11:53.026126" level="INFO">GET Request : url=http://127.0.0.1:3000/api/entries 
 path_url=/api/entries 
 headers={'User-Agent': 'python-requests/2.32.5', 'Accept-Encoding': 'gzip, deflate, zstd', 'Accept': '*/*', 'Connection': 'keep-alive', 'Authorization': 'Bearer eyJhbGciOiJIUzI1NiIsInR5cCI6IkpXVCJ9.eyJ1c2VyX2lkIjoxOCwidXNlcm5hbWUiOiJoYW5hZG0iLCJlbWFpbCI6ImhhbmFkbUBtZXRyb3BvbGlhLmZpIiwiY3JlYXRlZF9hdCI6IjIwMjYtMDMtMjRUMDk6MTQ6MjcuMDAwWiIsInVzZXJfbGV2ZWwiOiJyZWd1bGFyIiwiaWF0IjoxNzc2NTA3MTEzLCJleHAiOjE3NzY1OTM1MTN9.bmCw3Vd5QNpvbrybPaNUhXBaWqbrhNMfQTZAxg_PDb0'} 
 body=None 
 </msg>
<msg time="2026-04-18T13:11:53.026278" level="INFO">GET Response : url=http://127.0.0.1:3000/api/entries 
 status=200, reason=OK 
 headers={'X-Powered-By': 'Express', 'Access-Control-Allow-Origin': '*', 'Content-Type': 'application/json; charset=utf-8', 'Content-Length': '382', 'ETag': 'W/"17e-xqJWyKdnintgDuYY5Es0lh09Bog"', 'Date': 'Sat, 18 Apr 2026 10:11:53 GMT', 'Connection': 'keep-alive', 'Keep-Alive': 'timeout=5'} 
 body=[{"entry_id":32,"user_id":18,"entry_date":"2026-03-30T21:00:00.000Z","mood":"great","weight":null,"sleep_hours":8,"notes":"Task 4 robot entry","created_at":"2026-04-18T09:00:50.000Z"},{"entry_id":33,"user_id":18,"entry_date":"2026-03-30T21:00:00.000Z","mood":"great","weight":null,"sleep_hours":8,"notes":"Task 4 robot entry second attempt","created_at":"2026-04-18T09:01:22.000Z"}] 
 </msg>
<msg time="2026-04-18T13:11:53.026495" level="INFO">${entries_response} = &lt;Response [200]&gt;</msg>
<var>${entries_response}</var>
<arg>backend</arg>
<arg>/api/entries</arg>
<arg>headers=${headers}</arg>
<doc>Sends a GET request on a previously created HTTP Session.</doc>
<status status="PASS" start="2026-04-18T13:11:53.022020" elapsed="0.004512"/>
</kw>
<kw name="Status Should Be" owner="RequestsLibrary">
<arg>200</arg>
<arg>${entries_response}</arg>
<doc>Fails if response status code is different than the expected.</doc>
<status status="PASS" start="2026-04-18T13:11:53.026947" elapsed="0.000227"/>
</kw>
<status status="PASS" start="2026-04-18T13:11:52.924095" elapsed="0.103373"/>
</test>
<status status="PASS" start="2026-04-18T13:11:52.332288" elapsed="0.696288"/>
</suite>
<statistics>
<total>
<stat pass="4" fail="0" skip="0">All Tests</stat>
</total>
<tag>
</tag>
<suite>
<stat name="Task9" id="s1" pass="4" fail="0" skip="0">Task9</stat>
</suite>
</statistics>
<errors>
</errors>
</robot>
